<?xml version="1.0" encoding="UTF-8"?>
<!-- Generated by org.testng.reporters.JUnitXMLReporter -->
<testsuite hostname="TechAviator-PC" name="Default test(failed)" tests="3" failures="2" timestamp="8 Oct 2016 08:15:37 GMT" time="166.094" errors="0">
  <testcase name="testValidSearch" time="48.019" classname="Scenario_Component.Scenario_Search"/>
  <testcase name="testValidSearch" time="46.977" classname="Scenario_Component.Scenario_Search">
    <failure type="java.lang.AssertionError" message="The following asserts failed:
null">
      <![CDATA[java.lang.AssertionError: The following asserts failed:
null
	at Scenario_Component.Scenario_Search.testValidSearch(Scenario_Search.java:90)
... Removed 25 stack frames]]>
    </failure>
  </testcase> <!-- testValidSearch -->
  <testcase name="testValidSearch" time="70.77" classname="Scenario_Component.Scenario_Search">
    <failure type="java.lang.AssertionError" message="The following asserts failed:
null, null">
      <![CDATA[java.lang.AssertionError: The following asserts failed:
null, null
	at Scenario_Component.Scenario_Search.testValidSearch(Scenario_Search.java:90)
... Removed 25 stack frames]]>
    </failure>
  </testcase> <!-- testValidSearch -->
</testsuite> <!-- Default test(failed) -->
